<?xml version="1.0" encoding="UTF-8"?>
<!-- Generated by org.testng.reporters.JUnitReportReporter -->
<testsuite hostname="DESKTOP-DV7HTAH" failures="0" tests="3" name="Main" time="2.140" errors="0" timestamp="2023-11-21T13:15:07 IST" skipped="0">
  <testcase classname="Main" name="tableAssertions" time="0.934"/>
  <testcase classname="Main" name="populateWithJson" time="0.676"/>
  <testcase classname="Main" name="clickTableDataButton" time="0.530"/>
</testsuite> <!-- Main -->
